<?xml version="1.0" encoding="UTF-8"?>
<!-- Generated by org.testng.reporters.JUnitXMLReporter -->
<testsuite ignored="0" hostname="EpiliSuman3" failures="0" tests="3" name="Test" time="0.114" errors="0" timestamp="2026-02-26T15:48:17 IST">
  <testcase classname="jenkinPractice.JenkinPracticeTest" name="jenkinPracticeTest" time="0.041"/>
  <testcase classname="mavenPractice.MavenPracticeTest" name="mavenPracticeTest" time="0.002"/>
  <testcase classname="githubPractice.GitHubPracticeTest" name="githubPracticeTest" time="0.004"/>
</testsuite> <!-- Test -->
