<?xml version="1.0" encoding="UTF-8"?>
<testng-results ignored="0" total="3" passed="3" failed="0" skipped="0">
  <reporter-output>
  </reporter-output>
  <suite started-at="2026-02-26T15:48:17 IST" name="Suite" finished-at="2026-02-26T15:48:17 IST" duration-ms="114">
    <groups>
    </groups>
    <test started-at="2026-02-26T15:48:17 IST" name="Test" finished-at="2026-02-26T15:48:17 IST" duration-ms="114">
      <class name="jenkinPractice.JenkinPracticeTest">
        <test-method signature="jenkinPracticeTest()[pri:0, instance:jenkinPractice.JenkinPracticeTest@145f66e3]" started-at="2026-02-26T15:48:17 IST" name="jenkinPracticeTest" finished-at="2026-02-26T15:48:17 IST" duration-ms="41" status="PASS">
          <reporter-output>
          </reporter-output>
        </test-method> <!-- jenkinPracticeTest -->
      </class> <!-- jenkinPractice.JenkinPracticeTest -->
      <class name="mavenPractice.MavenPracticeTest">
        <test-method signature="mavenPracticeTest()[pri:0, instance:mavenPractice.MavenPracticeTest@6f1de4c7]" started-at="2026-02-26T15:48:17 IST" name="mavenPracticeTest" finished-at="2026-02-26T15:48:17 IST" duration-ms="2" status="PASS">
          <reporter-output>
          </reporter-output>
        </test-method> <!-- mavenPracticeTest -->
      </class> <!-- mavenPractice.MavenPracticeTest -->
      <class name="githubPractice.GitHubPracticeTest">
        <test-method signature="githubPracticeTest()[pri:0, instance:githubPractice.GitHubPracticeTest@459e9125]" started-at="2026-02-26T15:48:17 IST" name="githubPracticeTest" finished-at="2026-02-26T15:48:17 IST" duration-ms="4" status="PASS">
          <reporter-output>
          </reporter-output>
        </test-method> <!-- githubPracticeTest -->
      </class> <!-- githubPractice.GitHubPracticeTest -->
    </test> <!-- Test -->
  </suite> <!-- Suite -->
</testng-results>
