<?xml version="1.0" encoding="UTF-8"?>
<testng-results ignored="0" total="1" passed="1" failed="0" skipped="0">
  <reporter-output>
  </reporter-output>
  <suite started-at="2026-03-18T12:40:41 IST" name="Default suite" finished-at="2026-03-18T12:40:41 IST" duration-ms="88">
    <groups>
    </groups>
    <test started-at="2026-03-18T12:40:41 IST" name="Default test" finished-at="2026-03-18T12:40:41 IST" duration-ms="88">
      <class name="githubPractice.GitHubPracticeTest">
        <test-method signature="githubPracticeTest()[pri:0, instance:githubPractice.GitHubPracticeTest@6302bbb1]" started-at="2026-03-18T12:40:41 IST" name="githubPracticeTest" finished-at="2026-03-18T12:40:41 IST" duration-ms="18" status="PASS">
          <reporter-output>
          </reporter-output>
        </test-method> <!-- githubPracticeTest -->
      </class> <!-- githubPractice.GitHubPracticeTest -->
    </test> <!-- Default test -->
  </suite> <!-- Default suite -->
</testng-results>
